Build started 2017/4/27 10:49:20.
     1>Project "F:\DicomParse_JNI\dicom_parse\jni\jni\jni.vcxproj" on node 2 (rebuild target(s)).
     1>_PrepareForClean:
         Deleting file "x64\Debug\jni.lastbuildstate".
       InitializeBuildStatus:
         Creating "x64\Debug\jni.unsuccessfulbuild" because "AlwaysCreate" was specified.
       ClCompile:
         C:\Program Files (x86)\Microsoft Visual Studio 10.0\VC\bin\x86_amd64\CL.exe /c /I"C:\Program Files\Java\jdk1.8.0_121\include" /I"C:\Program Files\Java\jdk1.8.0_121\include\win32" /Zi /nologo /W3 /WX- /Od /D WIN32 /D _WINDLL /D _MBCS /Gm /EHsc /RTC1 /MDd /GS /fp:precise /Zc:wchar_t /Zc:forScope /Fo"x64\Debug\\" /Fd"x64\Debug\vc100.pdb" /Gd /TP /errorReport:prompt DicomParse.cpp
         DicomParse.cpp
     1>f:\dicomparse_jni\dicom_parse\jni\jni\common.h(31): warning C4996: 'vsnprintf': This function or variable may be unsafe. Consider using vsnprintf_s instead. To disable deprecation, use _CRT_SECURE_NO_WARNINGS. See online help for details.
                 C:\Program Files (x86)\Microsoft Visual Studio 10.0\VC\include\stdio.h(354) : see declaration of 'vsnprintf'
     1>f:\dicomparse_jni\dicom_parse\jni\jni\common.h(47): warning C4996: 'vsnprintf': This function or variable may be unsafe. Consider using vsnprintf_s instead. To disable deprecation, use _CRT_SECURE_NO_WARNINGS. See online help for details.
                 C:\Program Files (x86)\Microsoft Visual Studio 10.0\VC\include\stdio.h(354) : see declaration of 'vsnprintf'
     1>f:\dicomparse_jni\dicom_parse\jni\jni\iDicom.h(72): warning C4081: expected 'newline'; found ';'
     1>DicomParse.cpp(10): warning C4996: 'fopen': This function or variable may be unsafe. Consider using fopen_s instead. To disable deprecation, use _CRT_SECURE_NO_WARNINGS. See online help for details.
                 C:\Program Files (x86)\Microsoft Visual Studio 10.0\VC\include\stdio.h(234) : see declaration of 'fopen'
       Link:
         C:\Program Files (x86)\Microsoft Visual Studio 10.0\VC\bin\x86_amd64\link.exe /ERRORREPORT:PROMPT /OUT:"F:\DicomParse_JNI\dicom_parse\jni\x64\Debug\jni.dll" /NOLOGO kernel32.lib user32.lib gdi32.lib winspool.lib comdlg32.lib advapi32.lib shell32.lib ole32.lib oleaut32.lib uuid.lib odbc32.lib odbccp32.lib /MANIFEST /ManifestFile:"x64\Debug\jni.dll.intermediate.manifest" /MANIFESTUAC:"level='asInvoker' uiAccess='false'" /DEBUG /PDB:"F:\DicomParse_JNI\dicom_parse\jni\x64\Debug\jni.pdb" /TLBID:1 /DYNAMICBASE /NXCOMPAT /IMPLIB:"F:\DicomParse_JNI\dicom_parse\jni\x64\Debug\jni.lib" /MACHINE:X64 /DLL x64\Debug\DicomParse.obj
            Creating library F:\DicomParse_JNI\dicom_parse\jni\x64\Debug\jni.lib and object F:\DicomParse_JNI\dicom_parse\jni\x64\Debug\jni.exp
         jni.vcxproj -> F:\DicomParse_JNI\dicom_parse\jni\x64\Debug\jni.dll
       Manifest:
         C:\Program Files (x86)\Microsoft SDKs\Windows\v7.0A\bin\mt.exe /nologo /verbose /outputresource:"F:\DicomParse_JNI\dicom_parse\jni\x64\Debug\jni.dll;#2" /manifest x64\Debug\jni.dll.intermediate.manifest
       FinalizeBuildStatus:
         Deleting file "x64\Debug\jni.unsuccessfulbuild".
         Touching "x64\Debug\jni.lastbuildstate".
     1>Done Building Project "F:\DicomParse_JNI\dicom_parse\jni\jni\jni.vcxproj" (rebuild target(s)).

Build succeeded.

Time Elapsed 00:00:01.27
